Build started 26/10/2017 5:48:29 PM.
     1>Project "C:\Users\Jerome\Desktop\Fall detection software\Software Development\HumanTracker\HumanTracker\HumanTracker.vcxproj" on node 2 (Build target(s)).
     1>ClCompile:
         C:\Program Files (x86)\Microsoft Visual Studio 12.0\VC\bin\CL.exe /c /I"C:\Program Files\Microsoft SDKs\Kinect\v2.0_1409\/inc" /Zi /nologo /W3 /WX- /sdl /O2 /Oi /Oy- /GL /D WIN32 /D NDEBUG /D _WINDOWS /D _CRT_SECURE_NO_WARNINGS /D _UNICODE /D UNICODE /Gm- /EHsc /MD /GS /Gy /fp:precise /Zc:wchar_t /Zc:forScope /Fo"Release\\" /Fd"Release\vc120.pdb" /Gd /TP /analyze- /errorReport:prompt main.cpp
         main.cpp
     1>main.cpp(120): warning C4800: 'IMultiSourceFrameReader *' : forcing value to bool 'true' or 'false' (performance warning)
     1>main.cpp(140): warning C4244: '=' : conversion from 'HRESULT' to 'float', possible loss of data
     1>main.cpp(149): warning C4244: '=' : conversion from 'double' to 'float', possible loss of data
     1>main.cpp(215): warning C4305: '=' : truncation from 'double' to 'float'
     1>main.cpp(216): warning C4305: '=' : truncation from 'double' to 'float'
     1>main.cpp(272): warning C4244: 'initializing' : conversion from 'float' to 'int', possible loss of data
     1>main.cpp(275): warning C4305: 'initializing' : truncation from 'double' to 'float'
     1>main.cpp(277): warning C4305: 'initializing' : truncation from 'double' to 'float'
       Link:
         C:\Program Files (x86)\Microsoft Visual Studio 12.0\VC\bin\link.exe /ERRORREPORT:PROMPT /OUT:"C:\Users\Jerome\Desktop\Fall detection software\Software Development\HumanTracker\Release\HumanTracker.exe" /INCREMENTAL:NO /NOLOGO /LIBPATH:"C:\Program Files\Microsoft SDKs\Kinect\v2.0_1409\/lib/x86" kinect20.lib glew32.lib freeglut.lib opengl32.lib glu32.lib kernel32.lib user32.lib gdi32.lib winspool.lib comdlg32.lib advapi32.lib shell32.lib ole32.lib oleaut32.lib uuid.lib odbc32.lib odbccp32.lib /MANIFEST /MANIFESTUAC:"level='asInvoker' uiAccess='false'" /manifest:embed /DEBUG /PDB:"C:\Users\Jerome\Desktop\Fall detection software\Software Development\HumanTracker\Release\HumanTracker.pdb" /SUBSYSTEM:CONSOLE /OPT:REF /OPT:ICF /LTCG /TLBID:1 /DYNAMICBASE /NXCOMPAT /IMPLIB:"C:\Users\Jerome\Desktop\Fall detection software\Software Development\HumanTracker\Release\HumanTracker.lib" /MACHINE:X86 /SAFESEH Release\Drawer.obj
         Release\glut.obj
         Release\main.obj
         Release\SerialPort.obj
         Generating code
         Finished generating code
         HumanTracker.vcxproj -> C:\Users\Jerome\Desktop\Fall detection software\Software Development\HumanTracker\Release\HumanTracker.exe
     1>Done Building Project "C:\Users\Jerome\Desktop\Fall detection software\Software Development\HumanTracker\HumanTracker\HumanTracker.vcxproj" (Build target(s)).

Build succeeded.

Time Elapsed 00:00:01.25
